2025-05-17 11:04:27,866 - INFO - Paste ID hRCyU5bj - MATCH - Keywords: ['t.me']
2025-05-17 11:04:31,548 - INFO - Paste ID czTwjhwb - MATCH - Keywords: ['t.me']
2025-05-17 11:04:35,638 - INFO - Paste ID zjqVGiHQ - MATCH - Keywords: ['t.me']
2025-05-17 11:04:39,290 - INFO - Paste ID yaiqWnTu - MATCH - Keywords: ['t.me']
2025-05-17 11:04:43,010 - INFO - Paste ID FhneS3Sf - MATCH - Keywords: ['t.me']
2025-05-17 11:04:46,616 - INFO - Paste ID Ts3dMhbf - MATCH - Keywords: ['t.me']
2025-05-17 11:04:50,430 - INFO - Paste ID NRTr2E0k - SKIP - No relevant keywords
2025-05-17 11:04:54,103 - INFO - Paste ID nvYncKFB - MATCH - Keywords: ['t.me']
2025-05-17 11:04:57,756 - INFO - Paste ID WNbSyfzZ - MATCH - Keywords: ['t.me']
2025-05-17 11:05:01,125 - INFO - Paste ID Vn3hF10i - MATCH - Keywords: ['t.me']
2025-05-17 11:05:04,637 - INFO - Paste ID QukmVytX - MATCH - Keywords: ['t.me']
2025-05-17 11:05:08,333 - INFO - Paste ID jWPqbsX3 - MATCH - Keywords: ['t.me']
2025-05-17 11:05:11,873 - INFO - Paste ID efP4ZZTT - MATCH - Keywords: ['t.me']
2025-05-17 11:05:15,491 - INFO - Paste ID AuGdQwtV - MATCH - Keywords: ['t.me']
2025-05-17 11:05:19,200 - INFO - Paste ID WTDvkue0 - MATCH - Keywords: ['t.me']
2025-05-17 11:05:23,103 - INFO - Paste ID vjMGFY1R - MATCH - Keywords: ['t.me']
2025-05-17 11:05:26,562 - INFO - Paste ID kGQXQ73S - MATCH - Keywords: ['t.me']
2025-05-17 11:05:30,081 - INFO - Paste ID uBMB0MiF - MATCH - Keywords: ['t.me']
2025-05-17 11:05:33,787 - INFO - Paste ID DcQHhXR0 - MATCH - Keywords: ['t.me']
2025-05-17 11:05:37,754 - INFO - Paste ID R7PpgE8D - MATCH - Keywords: ['t.me']
2025-05-17 11:05:41,830 - INFO - Paste ID LNcJimp0 - MATCH - Keywords: ['t.me']
2025-05-17 11:05:45,170 - INFO - Paste ID 9Z9VpBCM - MATCH - Keywords: ['t.me']
2025-05-17 11:05:49,072 - INFO - Paste ID PcVmGcAA - MATCH - Keywords: ['t.me']
2025-05-17 11:05:53,056 - INFO - Paste ID 2HQ4wAic - MATCH - Keywords: ['t.me']
2025-05-17 11:05:56,933 - INFO - Paste ID G2Gs9J68 - MATCH - Keywords: ['t.me']
2025-05-17 11:06:00,386 - INFO - Paste ID T1kMEhgr - MATCH - Keywords: ['t.me']
2025-05-17 11:06:04,282 - INFO - Paste ID hTq4YNCu - MATCH - Keywords: ['t.me']
2025-05-17 11:06:08,278 - INFO - Paste ID VWmbDeL3 - MATCH - Keywords: ['t.me']
2025-05-17 11:06:11,966 - INFO - Paste ID sFBd4X7H - MATCH - Keywords: ['t.me']
2025-05-17 11:06:15,794 - INFO - Paste ID 4R34UggC - MATCH - Keywords: ['t.me']
2025-05-17 11:06:19,906 - INFO - Paste ID B2PRSKTn - MATCH - Keywords: ['t.me']
2025-05-17 11:06:23,309 - INFO - Paste ID cNEmG8wk - MATCH - Keywords: ['t.me']
2025-05-17 11:06:30,694 - WARNING - Paste ID D2JQEu2Z - FAILED to fetch content.
2025-05-17 11:06:38,746 - WARNING - Paste ID 75FNemwE - FAILED to fetch content.
2025-05-17 11:06:42,869 - INFO - Paste ID BF5fkdXV - SKIP - No relevant keywords
2025-05-17 11:06:46,875 - INFO - Paste ID rE08JTxL - SKIP - No relevant keywords
2025-05-17 11:06:50,264 - INFO - Paste ID 8puBLu8Q - SKIP - No relevant keywords
2025-05-17 11:06:53,988 - INFO - Paste ID rism7NdH - SKIP - No relevant keywords
2025-05-17 11:06:57,278 - INFO - Paste ID RG0WJLq8 - SKIP - No relevant keywords
2025-05-17 11:07:00,984 - INFO - Paste ID vXdju6gD - SKIP - No relevant keywords
2025-05-17 11:07:04,730 - INFO - Paste ID 1Kct2b4s - SKIP - No relevant keywords
2025-05-17 11:07:08,788 - INFO - Paste ID 2WqN6iQf - SKIP - No relevant keywords
2025-05-17 11:07:12,779 - INFO - Paste ID JfntEaxN - SKIP - No relevant keywords
2025-05-17 11:07:16,421 - INFO - Paste ID XXUETb6S - SKIP - No relevant keywords
2025-05-17 11:07:20,193 - INFO - Paste ID mG0GUakn - SKIP - No relevant keywords
2025-05-17 11:07:23,919 - INFO - Paste ID KVJyYt8q - SKIP - No relevant keywords
2025-05-17 11:07:27,647 - INFO - Paste ID hu1hWjQJ - SKIP - No relevant keywords
2025-05-17 11:07:31,282 - INFO - Paste ID kU9t8TBX - SKIP - No relevant keywords
2025-05-17 11:07:34,736 - INFO - Paste ID 2sM3nP0t - SKIP - No relevant keywords
2025-05-17 11:07:38,784 - INFO - Paste ID 01v5aG84 - SKIP - No relevant keywords
2025-05-17 11:07:39,988 - INFO - Total Time taken to scrape the content and saving it: 3.25 Minutes
